PhysicaloidLibrary/build/intermediates/manifest_merge_blame_file/debug/manifest-merger-blame-debug-report.txt
1<?xml version="1.0" encoding="utf-8"?>
2<manifest xmlns:android="http://schemas.android.com/apk/res/android"
3    package="com.physicaloid"
4    android:versionCode="1"
5    android:versionName="1.0" >
6
7    <uses-sdk
7-->CodiUploader\PhysicaloidLibrary\AndroidManifest.xml:6:5-47
8        android:minSdkVersion="12"
8-->CodiUploader\PhysicaloidLibrary\AndroidManifest.xml:6:5-47
9        android:targetSdkVersion="12" />
9-->CodiUploader\PhysicaloidLibrary\AndroidManifest.xml:6:15-44
10
11</manifest>